<?xml version="1.0" encoding="UTF-8"?>
<testng-results ignored="0" total="1" passed="1" failed="0" skipped="0">
  <reporter-output>
  </reporter-output>
  <suite started-at="2022-12-26T11:22:00 IST" name="Regression Basic Test Suite" finished-at="2022-12-26T11:22:01 IST" duration-ms="889">
    <groups>
    </groups>
    <test started-at="2022-12-26T11:22:00 IST" name="Login Test" finished-at="2022-12-26T11:22:01 IST" duration-ms="889">
      <class name="testcases.LoginTest">
        <test-method is-config="true" signature="setUp()[pri:0, instance:testcases.LoginTest@7bab3f1a]" started-at="2022-12-26T11:21:56 IST" name="setUp" finished-at="2022-12-26T11:22:00 IST" duration-ms="4412" status="PASS">
          <reporter-output>
          </reporter-output>
        </test-method> <!-- setUp -->
        <test-method is-config="true" signature="beforeClassSetUp()[pri:0, instance:testcases.LoginTest@7bab3f1a]" started-at="2022-12-26T11:22:00 IST" name="beforeClassSetUp" finished-at="2022-12-26T11:22:00 IST" duration-ms="69" status="PASS">
          <reporter-output>
          </reporter-output>
        </test-method> <!-- beforeClassSetUp -->
        <test-method signature="loginTest()[pri:0, instance:testcases.LoginTest@7bab3f1a]" started-at="2022-12-26T11:22:00 IST" name="loginTest" finished-at="2022-12-26T11:22:01 IST" duration-ms="718" status="PASS">
          <reporter-output>
          </reporter-output>
        </test-method> <!-- loginTest -->
        <test-method is-config="true" signature="tearDown()[pri:0, instance:testcases.LoginTest@7bab3f1a]" started-at="2022-12-26T11:22:01 IST" name="tearDown" finished-at="2022-12-26T11:22:02 IST" duration-ms="355" status="PASS">
          <reporter-output>
          </reporter-output>
        </test-method> <!-- tearDown -->
      </class> <!-- testcases.LoginTest -->
    </test> <!-- Login Test -->
  </suite> <!-- Regression Basic Test Suite -->
</testng-results>
