<?xml version="1.0" encoding="UTF-8"?>
<!-- Generated by org.testng.reporters.JUnitXMLReporter -->
<testsuite hostname="DESKTOP-N60QB27" ignored="0" name="Login Test(failed)" tests="1" failures="1" timestamp="2022-12-26T22:10:55 IST" time="0.94" errors="0">
  <testcase name="loginTest" time="0.894" classname="testcases.LoginTest">
    <failure type="java.lang.AssertionError" message="expected [true] but found [false]">
      <![CDATA[java.lang.AssertionError: expected [true] but found [false]
at testcases.LoginTest.loginTest(LoginTest.java:25)
at java.util.ArrayList.forEach(ArrayList.java:1257)
at testcases.TestRunner.main(TestRunner.java:15)
... Removed 28 stack frames]]>
    </failure>
  </testcase> <!-- loginTest -->
</testsuite> <!-- Login Test(failed) -->
